# JRE version: OpenJDK Runtime Environment Temurin-17.0.4.1+1 (17.0.4.1+1) (build 17.0.4.1+1)
# Java VM: OpenJDK 64-Bit Server VM Temurin-17.0.4.1+1 (17.0.4.1+1, mixed mode, tiered, compressed oops, compressed class ptrs, parallel gc, linux-amd64)
GC Precious Log:
 CPUs: 2 total, 2 available
 Memory: 7764M
 Large Page Support: Disabled
 NUMA Support: Disabled
 Compressed Oops: Enabled (32-bit)
 Alignments: Space 512K, Generation 512K, Heap 2M
 Heap Min Capacity: 100M
 Heap Initial Capacity: 100M
 Heap Max Capacity: 1G
 Pre-touch: Disabled
 Parallel Workers: 2
Heap:
 PSYoungGen      total 1536K, used 1008K [0x00000000eab00000, 0x00000000eb280000, 0x0000000100000000)
  eden space 512K, 0% used [0x00000000eab00000,0x00000000eab00000,0x00000000eab80000)
  from space 1024K, 98% used [0x00000000eae00000,0x00000000eaefc020,0x00000000eaf00000)
  to   space 2560K, 0% used [0x00000000eab80000,0x00000000eab80000,0x00000000eae00000)
 ParOldGen       total 130560K, used 130096K [0x00000000c0000000, 0x00000000c7f80000, 0x00000000eab00000)
  object space 130560K, 99% used [0x00000000c0000000,0x00000000c7f0c1a0,0x00000000c7f80000)
 Metaspace       used 83728K, committed 84800K, reserved 1130496K
  class space    used 8450K, committed 8896K, reserved 1048576K
GC Heap History (20 events):
Event: 3149,400 GC heap after
{Heap after GC invocations=1539 (full 27):
 PSYoungGen      total 2560K, used 960K [0x00000000eab00000, 0x00000000eae80000, 0x0000000100000000)
  eden space 1024K, 0% used [0x00000000eab00000,0x00000000eab00000,0x00000000eac00000)
  from space 1536K, 62% used [0x00000000eac00000,0x00000000eacf0000,0x00000000ead80000)
  to   space 1024K, 0% used [0x00000000ead80000,0x00000000ead80000,0x00000000eae80000)
 ParOldGen       total 130048K, used 119598K [0x00000000c0000000, 0x00000000c7f00000, 0x00000000eab00000)
  object space 130048K, 91% used [0x00000000c0000000,0x00000000c74cb860,0x00000000c7f00000)
 Metaspace       used 83672K, committed 84736K, reserved 1130496K
  class space    used 8450K, committed 8896K, reserved 1048576K
}
Event: 3149,401 GC heap before
{Heap before GC invocations=1540 (full 27):
 PSYoungGen      total 2560K, used 1984K [0x00000000eab00000, 0x00000000eae80000, 0x0000000100000000)
  eden space 1024K, 100% used [0x00000000eab00000,0x00000000eac00000,0x00000000eac00000)
  from space 1536K, 62% used [0x00000000eac00000,0x00000000eacf0000,0x00000000ead80000)
  to   space 1024K, 0% used [0x00000000ead80000,0x00000000ead80000,0x00000000eae80000)
 ParOldGen       total 130048K, used 119598K [0x00000000c0000000, 0x00000000c7f00000, 0x00000000eab00000)
  object space 130048K, 91% used [0x00000000c0000000,0x00000000c74cb860,0x00000000c7f00000)
 Metaspace       used 83672K, committed 84736K, reserved 1130496K
  class space    used 8450K, committed 8896K, reserved 1048576K
}
Event: 3149,407 GC heap after
{Heap after GC invocations=1540 (full 27):
 PSYoungGen      total 2560K, used 976K [0x00000000eab00000, 0x00000000eae80000, 0x0000000100000000)
  eden space 1536K, 0% used [0x00000000eab00000,0x00000000eab00000,0x00000000eac80000)
  from space 1024K, 95% used [0x00000000ead80000,0x00000000eae74020,0x00000000eae80000)
  to   space 1024K, 0% used [0x00000000eac80000,0x00000000eac80000,0x00000000ead80000)
 ParOldGen       total 130048K, used 120550K [0x00000000c0000000, 0x00000000c7f00000, 0x00000000eab00000)
  object space 130048K, 92% used [0x00000000c0000000,0x00000000c75b9860,0x00000000c7f00000)
 Metaspace       used 83672K, committed 84736K, reserved 1130496K
  class space    used 8450K, committed 8896K, reserved 1048576K
}
Event: 3149,414 GC heap before
{Heap before GC invocations=1541 (full 27):
 PSYoungGen      total 2560K, used 2512K [0x00000000eab00000, 0x00000000eae80000, 0x0000000100000000)
  eden space 1536K, 100% used [0x00000000eab00000,0x00000000eac80000,0x00000000eac80000)
  from space 1024K, 95% used [0x00000000ead80000,0x00000000eae74020,0x00000000eae80000)
  to   space 1024K, 0% used [0x00000000eac80000,0x00000000eac80000,0x00000000ead80000)
 ParOldGen       total 130048K, used 120550K [0x00000000c0000000, 0x00000000c7f00000, 0x00000000eab00000)
  object space 130048K, 92% used [0x00000000c0000000,0x00000000c75b9860,0x00000000c7f00000)
 Metaspace       used 83672K, committed 84736K, reserved 1130496K
  class space    used 8450K, committed 8896K, reserved 1048576K
}
Event: 3149,418 GC heap after
{Heap after GC invocations=1541 (full 27):
 PSYoungGen      total 2560K, used 1024K [0x00000000eab00000, 0x00000000eb300000, 0x0000000100000000)
  eden space 1536K, 0% used [0x00000000eab00000,0x00000000eab00000,0x00000000eac80000)
  from space 1024K, 100% used [0x00000000eac80000,0x00000000ead80000,0x00000000ead80000)
  to   space 3072K, 0% used [0x00000000eb000000,0x00000000eb000000,0x00000000eb300000)
 ParOldGen       total 130048K, used 121982K [0x00000000c0000000, 0x00000000c7f00000, 0x00000000eab00000)
  object space 130048K, 93% used [0x00000000c0000000,0x00000000c771f880,0x00000000c7f00000)
 Metaspace       used 83672K, committed 84736K, reserved 1130496K
  class space    used 8450K, committed 8896K, reserved 1048576K
}
Event: 3149,422 GC heap before
{Heap before GC invocations=1542 (full 27):
 PSYoungGen      total 2560K, used 2560K [0x00000000eab00000, 0x00000000eb300000, 0x0000000100000000)
  eden space 1536K, 100% used [0x00000000eab00000,0x00000000eac80000,0x00000000eac80000)
  from space 1024K, 100% used [0x00000000eac80000,0x00000000ead80000,0x00000000ead80000)
  to   space 3072K, 0% used [0x00000000eb000000,0x00000000eb000000,0x00000000eb300000)
 ParOldGen       total 130048K, used 121982K [0x00000000c0000000, 0x00000000c7f00000, 0x00000000eab00000)
  object space 130048K, 93% used [0x00000000c0000000,0x00000000c771f880,0x00000000c7f00000)
 Metaspace       used 83672K, committed 84736K, reserved 1130496K
  class space    used 8450K, committed 8896K, reserved 1048576K
}
Event: 3149,433 GC heap after
{Heap after GC invocations=1542 (full 27):
 PSYoungGen      total 3584K, used 1536K [0x00000000eab00000, 0x00000000eb180000, 0x0000000100000000)
  eden space 2048K, 0% used [0x00000000eab00000,0x00000000eab00000,0x00000000ead00000)
  from space 1536K, 100% used [0x00000000eb000000,0x00000000eb180000,0x00000000eb180000)
  to   space 2048K, 0% used [0x00000000ead80000,0x00000000ead80000,0x00000000eaf80000)
 ParOldGen       total 130048K, used 123022K [0x00000000c0000000, 0x00000000c7f00000, 0x00000000eab00000)
  object space 130048K, 94% used [0x00000000c0000000,0x00000000c7823880,0x00000000c7f00000)
 Metaspace       used 83672K, committed 84736K, reserved 1130496K
  class space    used 8450K, committed 8896K, reserved 1048576K
}
Event: 3152,387 GC heap before
{Heap before GC invocations=1543 (full 27):
 PSYoungGen      total 3584K, used 3584K [0x00000000eab00000, 0x00000000eb180000, 0x0000000100000000)
  eden space 2048K, 100% used [0x00000000eab00000,0x00000000ead00000,0x00000000ead00000)
  from space 1536K, 100% used [0x00000000eb000000,0x00000000eb180000,0x00000000eb180000)
  to   space 2048K, 0% used [0x00000000ead80000,0x00000000ead80000,0x00000000eaf80000)
 ParOldGen       total 130048K, used 123022K [0x00000000c0000000, 0x00000000c7f00000, 0x00000000eab00000)
  object space 130048K, 94% used [0x00000000c0000000,0x00000000c7823880,0x00000000c7f00000)
 Metaspace       used 83728K, committed 84800K, reserved 1130496K
  class space    used 8450K, committed 8896K, reserved 1048576K
}
Event: 3152,391 GC heap after
{Heap after GC invocations=1543 (full 27):
 PSYoungGen      total 4608K, used 512K [0x00000000eab00000, 0x00000000eb080000, 0x0000000100000000)
  eden space 2560K, 0% used [0x00000000eab00000,0x00000000eab00000,0x00000000ead80000)
  from space 2048K, 25% used [0x00000000ead80000,0x00000000eae00000,0x00000000eaf80000)
  to   space 1024K, 0% used [0x00000000eaf80000,0x00000000eaf80000,0x00000000eb080000)
 ParOldGen       total 130048K, used 124534K [0x00000000c0000000, 0x00000000c7f00000, 0x00000000eab00000)
  object space 130048K, 95% used [0x00000000c0000000,0x00000000c799d880,0x00000000c7f00000)
 Metaspace       used 83728K, committed 84800K, reserved 1130496K
  class space    used 8450K, committed 8896K, reserved 1048576K
}
Event: 3152,397 GC heap before
{Heap before GC invocations=1544 (full 27):
 PSYoungGen      total 4608K, used 3072K [0x00000000eab00000, 0x00000000eb080000, 0x0000000100000000)
  eden space 2560K, 100% used [0x00000000eab00000,0x00000000ead80000,0x00000000ead80000)
  from space 2048K, 25% used [0x00000000ead80000,0x00000000eae00000,0x00000000eaf80000)
  to   space 1024K, 0% used [0x00000000eaf80000,0x00000000eaf80000,0x00000000eb080000)
 ParOldGen       total 130048K, used 124534K [0x00000000c0000000, 0x00000000c7f00000, 0x00000000eab00000)
  object space 130048K, 95% used [0x00000000c0000000,0x00000000c799d880,0x00000000c7f00000)
 Metaspace       used 83728K, committed 84800K, reserved 1130496K
  class space    used 8450K, committed 8896K, reserved 1048576K
}
Event: 3152,403 GC heap after
{Heap after GC invocations=1544 (full 27):
 PSYoungGen      total 2048K, used 1008K [0x00000000eab00000, 0x00000000eb500000, 0x0000000100000000)
  eden space 1024K, 0% used [0x00000000eab00000,0x00000000eab00000,0x00000000eac00000)
  from space 1024K, 98% used [0x00000000eaf80000,0x00000000eb07c020,0x00000000eb080000)
  to   space 3584K, 0% used [0x00000000eac00000,0x00000000eac00000,0x00000000eaf80000)
 ParOldGen       total 130048K, used 126504K [0x00000000c0000000, 0x00000000c7f00000, 0x00000000eab00000)
  object space 130048K, 97% used [0x00000000c0000000,0x00000000c7b8a180,0x00000000c7f00000)
 Metaspace       used 83728K, committed 84800K, reserved 1130496K
  class space    used 8450K, committed 8896K, reserved 1048576K
}
Event: 3152,406 GC heap before
{Heap before GC invocations=1545 (full 27):
 PSYoungGen      total 2048K, used 2032K [0x00000000eab00000, 0x00000000eb500000, 0x0000000100000000)
  eden space 1024K, 100% used [0x00000000eab00000,0x00000000eac00000,0x00000000eac00000)
  from space 1024K, 98% used [0x00000000eaf80000,0x00000000eb07c020,0x00000000eb080000)
  to   space 3584K, 0% used [0x00000000eac00000,0x00000000eac00000,0x00000000eaf80000)
 ParOldGen       total 130048K, used 126504K [0x00000000c0000000, 0x00000000c7f00000, 0x00000000eab00000)
  object space 130048K, 97% used [0x00000000c0000000,0x00000000c7b8a180,0x00000000c7f00000)
 Metaspace       used 83728K, committed 84800K, reserved 1130496K
  class space    used 8450K, committed 8896K, reserved 1048576K
}
Event: 3152,410 GC heap after
{Heap after GC invocations=1545 (full 27):
 PSYoungGen      total 2048K, used 992K [0x00000000eab00000, 0x00000000eb080000, 0x0000000100000000)
  eden space 1024K, 0% used [0x00000000eab00000,0x00000000eab00000,0x00000000eac00000)
  from space 1024K, 96% used [0x00000000eac00000,0x00000000eacf8000,0x00000000ead00000)
  to   space 2048K, 0% used [0x00000000eae80000,0x00000000eae80000,0x00000000eb080000)
 ParOldGen       total 130048K, used 127520K [0x00000000c0000000, 0x00000000c7f00000, 0x00000000eab00000)
  object space 130048K, 98% used [0x00000000c0000000,0x00000000c7c881a0,0x00000000c7f00000)
 Metaspace       used 83728K, committed 84800K, reserved 1130496K
  class space    used 8450K, committed 8896K, reserved 1048576K
}
Event: 3152,415 GC heap before
{Heap before GC invocations=1546 (full 27):
 PSYoungGen      total 2048K, used 2016K [0x00000000eab00000, 0x00000000eb080000, 0x0000000100000000)
  eden space 1024K, 100% used [0x00000000eab00000,0x00000000eac00000,0x00000000eac00000)
  from space 1024K, 96% used [0x00000000eac00000,0x00000000eacf8000,0x00000000ead00000)
  to   space 2048K, 0% used [0x00000000eae80000,0x00000000eae80000,0x00000000eb080000)
 ParOldGen       total 130048K, used 127520K [0x00000000c0000000, 0x00000000c7f00000, 0x00000000eab00000)
  object space 130048K, 98% used [0x00000000c0000000,0x00000000c7c881a0,0x00000000c7f00000)
 Metaspace       used 83728K, committed 84800K, reserved 1130496K
  class space    used 8450K, committed 8896K, reserved 1048576K
}
Event: 3152,421 GC heap after
{Heap after GC invocations=1546 (full 27):
 PSYoungGen      total 2560K, used 736K [0x00000000eab00000, 0x00000000eaf80000, 0x0000000100000000)
  eden space 1536K, 0% used [0x00000000eab00000,0x00000000eab00000,0x00000000eac80000)
  from space 1024K, 71% used [0x00000000eae80000,0x00000000eaf38000,0x00000000eaf80000)
  to   space 1024K, 0% used [0x00000000ead80000,0x00000000ead80000,0x00000000eae80000)
 ParOldGen       total 130048K, used 128520K [0x00000000c0000000, 0x00000000c7f00000, 0x00000000eab00000)
  object space 130048K, 98% used [0x00000000c0000000,0x00000000c7d821a0,0x00000000c7f00000)
 Metaspace       used 83728K, committed 84800K, reserved 1130496K
  class space    used 8450K, committed 8896K, reserved 1048576K
}
Event: 3152,423 GC heap before
{Heap before GC invocations=1547 (full 27):
 PSYoungGen      total 2560K, used 2272K [0x00000000eab00000, 0x00000000eaf80000, 0x0000000100000000)
  eden space 1536K, 100% used [0x00000000eab00000,0x00000000eac80000,0x00000000eac80000)
  from space 1024K, 71% used [0x00000000eae80000,0x00000000eaf38000,0x00000000eaf80000)
  to   space 1024K, 0% used [0x00000000ead80000,0x00000000ead80000,0x00000000eae80000)
 ParOldGen       total 130048K, used 128520K [0x00000000c0000000, 0x00000000c7f00000, 0x00000000eab00000)
  object space 130048K, 98% used [0x00000000c0000000,0x00000000c7d821a0,0x00000000c7f00000)
 Metaspace       used 83728K, committed 84800K, reserved 1130496K
  class space    used 8450K, committed 8896K, reserved 1048576K
}
Event: 3152,428 GC heap after
{Heap after GC invocations=1547 (full 27):
 PSYoungGen      total 2560K, used 352K [0x00000000eab00000, 0x00000000eaf00000, 0x0000000100000000)
  eden space 2048K, 0% used [0x00000000eab00000,0x00000000eab00000,0x00000000ead00000)
  from space 512K, 68% used [0x00000000ead80000,0x00000000eadd8000,0x00000000eae00000)
  to   space 1024K, 0% used [0x00000000eae00000,0x00000000eae00000,0x00000000eaf00000)
 ParOldGen       total 130048K, used 129224K [0x00000000c0000000, 0x00000000c7f00000, 0x00000000eab00000)
  object space 130048K, 99% used [0x00000000c0000000,0x00000000c7e321a0,0x00000000c7f00000)
 Metaspace       used 83728K, committed 84800K, reserved 1130496K
  class space    used 8450K, committed 8896K, reserved 1048576K
}
Event: 3152,433 GC heap before
{Heap before GC invocations=1548 (full 27):
 PSYoungGen      total 2560K, used 2400K [0x00000000eab00000, 0x00000000eaf00000, 0x0000000100000000)
  eden space 2048K, 100% used [0x00000000eab00000,0x00000000ead00000,0x00000000ead00000)
  from space 512K, 68% used [0x00000000ead80000,0x00000000eadd8000,0x00000000eae00000)
  to   space 1024K, 0% used [0x00000000eae00000,0x00000000eae00000,0x00000000eaf00000)
 ParOldGen       total 130048K, used 129224K [0x00000000c0000000, 0x00000000c7f00000, 0x00000000eab00000)
  object space 130048K, 99% used [0x00000000c0000000,0x00000000c7e321a0,0x00000000c7f00000)
 Metaspace       used 83728K, committed 84800K, reserved 1130496K
  class space    used 8450K, committed 8896K, reserved 1048576K
}
Event: 3152,438 GC heap after
{Heap after GC invocations=1548 (full 27):
 PSYoungGen      total 1536K, used 1008K [0x00000000eab00000, 0x00000000eb280000, 0x0000000100000000)
  eden space 512K, 0% used [0x00000000eab00000,0x00000000eab00000,0x00000000eab80000)
  from space 1024K, 98% used [0x00000000eae00000,0x00000000eaefc020,0x00000000eaf00000)
  to   space 2560K, 0% used [0x00000000eab80000,0x00000000eab80000,0x00000000eae00000)
 ParOldGen       total 130560K, used 130096K [0x00000000c0000000, 0x00000000c7f80000, 0x00000000eab00000)
  object space 130560K, 99% used [0x00000000c0000000,0x00000000c7f0c1a0,0x00000000c7f80000)
 Metaspace       used 83728K, committed 84800K, reserved 1130496K
  class space    used 8450K, committed 8896K, reserved 1048576K
}
Event: 3152,438 GC heap before
{Heap before GC invocations=1549 (full 28):
 PSYoungGen      total 1536K, used 1008K [0x00000000eab00000, 0x00000000eb280000, 0x0000000100000000)
  eden space 512K, 0% used [0x00000000eab00000,0x00000000eab00000,0x00000000eab80000)
  from space 1024K, 98% used [0x00000000eae00000,0x00000000eaefc020,0x00000000eaf00000)
  to   space 2560K, 0% used [0x00000000eab80000,0x00000000eab80000,0x00000000eae00000)
 ParOldGen       total 130560K, used 130096K [0x00000000c0000000, 0x00000000c7f80000, 0x00000000eab00000)
  object space 130560K, 99% used [0x00000000c0000000,0x00000000c7f0c1a0,0x00000000c7f80000)
 Metaspace       used 83728K, committed 84800K, reserved 1130496K
  class space    used 8450K, committed 8896K, reserved 1048576K
}

